<?xml version="1.0" encoding="UTF-8"?>
<!-- Generated by org.testng.reporters.JUnitXMLReporter -->
<testsuite ignored="1" hostname="DESKTOP-KQIMF8P" failures="0" tests="2" name="PurchaseOrder" time="23.26" errors="0" timestamp="2024-10-12T19:47:24 IST">
  <testcase classname="Framework.Tests.OnlineShoppingModified" name="submitOrder" time="7.089"/>
  <testcase classname="Framework.Tests.OnlineShoppingModified" name="submitOrder" time="7.538"/>
  <testcase classname="Framework.Tests.OnlineShoppingModified" name="orderHistory" time="0.0">
    <ignored/>
  </testcase> <!-- orderHistory -->
</testsuite> <!-- PurchaseOrder -->
