<?xml version="1.0" encoding="UTF-8"?>
<!-- Generated by org.testng.reporters.JUnitXMLReporter -->
<testsuite ignored="0" hostname="DESKTOP-KQIMF8P" failures="0" tests="3" name="SubmitOrder" time="55.032" errors="0" timestamp="2024-10-31T12:41:59 IST">
  <testcase classname="Framework.Tests.OnlineShoppingModified" name="submitOrder" time="11.768"/>
  <testcase classname="Framework.Tests.OnlineShoppingModified" name="submitOrder" time="7.38"/>
  <testcase classname="Framework.Tests.OnlineShoppingModified" name="orderHistory" time="8.606"/>
</testsuite> <!-- SubmitOrder -->
