<?xml version="1.0" encoding="UTF-8"?>
<!-- Generated by org.testng.reporters.JUnitXMLReporter -->
<testsuite ignored="0" hostname="DESKTOP-KQIMF8P" failures="0" tests="2" name="ErrorValidations" time="17.919" errors="0" timestamp="2025-02-09T19:31:36 IST">
  <testcase classname="Framework.Tests.ErrorValidations" name="invalidCredentials" time="0.701"/>
  <testcase classname="Framework.Tests.ErrorValidations" name="invalidProduct" time="1.475">
    <skipped/>
  </testcase> <!-- invalidProduct -->
</testsuite> <!-- ErrorValidations -->
