<?xml version="1.0" encoding="UTF-8"?>
<!-- Generated by org.testng.reporters.JUnitXMLReporter -->
<testsuite ignored="1" hostname="DESKTOP-KQIMF8P" failures="1" tests="1" name="PurchaseOrder" time="0.085" errors="0" timestamp="2024-10-31T20:48:34 IST">
  <testcase classname="Framework.Tests.OnlineShoppingModified" name="submitOrder" time="0.0">
    <failure type="java.lang.RuntimeException" message="java.lang.NoClassDefFoundError: org/apache/commons/io/FileUtils">
      <![CDATA[java.lang.RuntimeException: java.lang.NoClassDefFoundError: org/apache/commons/io/FileUtils
at java.base/java.util.ArrayList.forEach(ArrayList.java:1596)
Caused by: java.lang.NoClassDefFoundError: org/apache/commons/io/FileUtils
at Framework.TestComponents.BaseTest.getJsonDataMap(BaseTest.java:83)
at Framework.Tests.OnlineShoppingModified.getData(OnlineShoppingModified.java:96)
... 29 more
Caused by: java.lang.ClassNotFoundException: org.apache.commons.io.FileUtils
at java.base/jdk.internal.loader.BuiltinClassLoader.loadClass(BuiltinClassLoader.java:641)
at java.base/jdk.internal.loader.ClassLoaders$AppClassLoader.loadClass(ClassLoaders.java:188)
at java.base/java.lang.ClassLoader.loadClass(ClassLoader.java:526)
... 36 more
... Removed 34 stack frames]]>
    </failure>
  </testcase> <!-- submitOrder -->
  <testcase classname="Framework.Tests.OnlineShoppingModified" name="orderHistory" time="0.0">
    <ignored/>
  </testcase> <!-- orderHistory -->
</testsuite> <!-- PurchaseOrder -->
