<?xml version="1.0" encoding="UTF-8"?>
<testng-results ignored="0" total="0" passed="0" failed="0" skipped="0">
  <reporter-output>
  </reporter-output>
  <suite started-at="2025-02-09T19:31:36 IST" name="Suite" finished-at="2025-02-09T19:31:36 IST" duration-ms="0">
    <groups>
      <group name="Purchase">
        <method signature="OnlineShoppingModified.submitOrder(java.util.HashMap)[pri:0, instance:Framework.Tests.OnlineShoppingModified@d23e042]" name="submitOrder" class="Framework.Tests.OnlineShoppingModified"/>
      </group> <!-- Purchase -->
      <group name="ErrorValidations">
        <method signature="ErrorValidations.invalidCredentials()[pri:0, instance:Framework.Tests.ErrorValidations@73eb439a]" name="invalidCredentials" class="Framework.Tests.ErrorValidations"/>
        <method signature="ErrorValidations.invalidProduct()[pri:0, instance:Framework.Tests.ErrorValidations@73eb439a]" name="invalidProduct" class="Framework.Tests.ErrorValidations"/>
      </group> <!-- ErrorValidations -->
    </groups>
  </suite> <!-- Suite -->
</testng-results>
