<?xml version="1.0" encoding="UTF-8"?>
<!-- Generated by org.testng.reporters.JUnitReportReporter -->
<testsuite hostname="DESKTOP-KQIMF8P" failures="0" tests="3" name="Framework.Tests.OnlineShoppingModified" time="54.177" errors="0" timestamp="2024-10-31T12:41:59 IST" skipped="0">
  <testcase classname="Framework.Tests.OnlineShoppingModified" name="submitOrder" time="18.449"/>
  <system-out/>
  <testcase classname="Framework.Tests.OnlineShoppingModified" name="submitOrder" time="24.042"/>
  <system-out/>
  <testcase classname="Framework.Tests.OnlineShoppingModified" name="orderHistory" time="11.686"/>
  <system-out/>
</testsuite> <!-- Framework.Tests.OnlineShoppingModified -->
