<?xml version="1.0" encoding="UTF-8"?>
<!-- Generated by org.testng.reporters.JUnitReportReporter -->
<testsuite hostname="DESKTOP-KQIMF8P" failures="0" tests="2" name="Framework.Tests.ErrorValidations" time="36.363" errors="0" timestamp="2024-10-31T12:41:59 IST" skipped="0">
  <testcase classname="Framework.Tests.ErrorValidations" name="invalidCredentials" time="11.498"/>
  <system-out/>
  <testcase classname="Framework.Tests.ErrorValidations" name="invalidProduct" time="24.865"/>
  <system-out/>
</testsuite> <!-- Framework.Tests.ErrorValidations -->
