<?xml version="1.0" encoding="UTF-8"?>
<!-- Generated by org.testng.reporters.JUnitReportReporter -->
<testsuite hostname="DESKTOP-KQIMF8P" failures="0" tests="2" name="Framework.Tests.ErrorValidations" time="20.352" errors="0" timestamp="2024-11-17T19:30:34 IST" skipped="0">
  <testcase classname="Framework.Tests.ErrorValidations" name="invalidCredentials" time="9.017"/>
  <testcase classname="Framework.Tests.ErrorValidations" name="invalidProduct" time="11.335"/>
</testsuite> <!-- Framework.Tests.ErrorValidations -->
